E:\DOANNHOM2\QUANLIHOCVIEN\NHOM2-CUNGCODE\DEBUG\QUANLIHOCVIEN.OBJ
E:\DOANNHOM2\QUANLIHOCVIEN\NHOM2-CUNGCODE\DEBUG\QUANLIHOCVIEN_MAIN.OBJ
E:\DOANNHOM2\QUANLIHOCVIEN\NHOM2-CUNGCODE\DEBUG\QUANLILOPHOC.OBJ
E:\DOANNHOM2\QUANLIHOCVIEN\NHOM2-CUNGCODE\DEBUG\VC110.PDB
E:\DOANNHOM2\QUANLIHOCVIEN\DEBUG\NHOM2-CUNGCODE.ILK
E:\DOANNHOM2\QUANLIHOCVIEN\DEBUG\NHOM2-CUNGCODE.EXE
E:\DOANNHOM2\QUANLIHOCVIEN\DEBUG\NHOM2-CUNGCODE.PDB
E:\doAnNhom2\QUANLIHOCVIEN\nhom2-CungCode\Debug\quanLiHocVien_main.obj
E:\doAnNhom2\QUANLIHOCVIEN\nhom2-CungCode\Debug\quanLiLopHoc.obj
E:\doAnNhom2\QUANLIHOCVIEN\nhom2-CungCode\Debug\cl.command.1.tlog
E:\doAnNhom2\QUANLIHOCVIEN\nhom2-CungCode\Debug\CL.read.1.tlog
E:\doAnNhom2\QUANLIHOCVIEN\nhom2-CungCode\Debug\CL.write.1.tlog
E:\doAnNhom2\QUANLIHOCVIEN\nhom2-CungCode\Debug\link-cvtres.read.1.tlog
E:\doAnNhom2\QUANLIHOCVIEN\nhom2-CungCode\Debug\link-cvtres.write.1.tlog
E:\doAnNhom2\QUANLIHOCVIEN\nhom2-CungCode\Debug\link-rc.read.1.tlog
E:\doAnNhom2\QUANLIHOCVIEN\nhom2-CungCode\Debug\link-rc.write.1.tlog
E:\doAnNhom2\QUANLIHOCVIEN\nhom2-CungCode\Debug\link.2560-cvtres.read.1.tlog
E:\doAnNhom2\QUANLIHOCVIEN\nhom2-CungCode\Debug\link.2560-cvtres.write.1.tlog
E:\doAnNhom2\QUANLIHOCVIEN\nhom2-CungCode\Debug\link.2560-rc.read.1.tlog
E:\doAnNhom2\QUANLIHOCVIEN\nhom2-CungCode\Debug\link.2560-rc.write.1.tlog
E:\doAnNhom2\QUANLIHOCVIEN\nhom2-CungCode\Debug\link.2560.read.1.tlog
E:\doAnNhom2\QUANLIHOCVIEN\nhom2-CungCode\Debug\link.2560.write.1.tlog
E:\doAnNhom2\QUANLIHOCVIEN\nhom2-CungCode\Debug\link.2860-cvtres.read.1.tlog
E:\doAnNhom2\QUANLIHOCVIEN\nhom2-CungCode\Debug\link.2860-cvtres.write.1.tlog
E:\doAnNhom2\QUANLIHOCVIEN\nhom2-CungCode\Debug\link.2860-rc.read.1.tlog
E:\doAnNhom2\QUANLIHOCVIEN\nhom2-CungCode\Debug\link.2860-rc.write.1.tlog
E:\doAnNhom2\QUANLIHOCVIEN\nhom2-CungCode\Debug\link.2860.read.1.tlog
E:\doAnNhom2\QUANLIHOCVIEN\nhom2-CungCode\Debug\link.2860.write.1.tlog
E:\doAnNhom2\QUANLIHOCVIEN\nhom2-CungCode\Debug\link.command.1.tlog
E:\doAnNhom2\QUANLIHOCVIEN\nhom2-CungCode\Debug\link.read.1.tlog
E:\doAnNhom2\QUANLIHOCVIEN\nhom2-CungCode\Debug\link.write.1.tlog
E:\doAnNhom2\QUANLIHOCVIEN\nhom2-CungCode\Debug\vc110.idb
E:\doAnNhom2\QUANLIHOCVIEN\nhom2-CungCode\Debug\vc110.pdb
E:\doAnNhom2\QUANLIHOCVIEN\Debug\nhom2-CungCode.pdb
E:\doAnNhom2\QUANLIHOCVIEN\Debug\nhom2-CungCode.exe
E:\doAnNhom2\QUANLIHOCVIEN\Debug\nhom2-CungCode.ilk
